docker.io/library/haproxy:2.7
docker.io/rancher/mirrored-cilium-operator-generic:v1.14.4
docker.io/rancher/mirrored-cilium-cilium:v1.14.4
docker.io/rancher/hardened-cni-plugins:v1.2.0-build20231009
docker.io/rancher/rke2-cloud-provider:v1.28.2-build20231016
docker.io/rancher/hardened-etcd:v3.5.9-k3s1-build20230802
docker.io/rancher/klipper-helm:v0.8.2-build20230815
docker.io/rancher/hardened-kubernetes:v1.29.0-rke2r1-build20231213
docker.io/rancher/hardened-coredns:v1.10.1-build20231009
docker.io/rancher/hardened-cluster-autoscaler:v1.8.6-build20231009
docker.io/rancher/hardened-k8s-metrics-server:v0.6.3-build20231009
docker.io/rancher/mirrored-sig-storage-snapshot-controller:v6.2.1
docker.io/rancher/mirrored-sig-storage-snapshot-validation-webhook:v6.2.2
gcr.io/kubebuilder/kube-rbac-proxy:v0.13.0
docker.io/kubernetesui/dashboard:v2.7.0
docker.io/kubernetesui/metrics-scraper:v1.0.9
quay.io/strimzi/kafka:0.42.0-kafka-3.7.1
quay.io/strimzi/operator:0.42.0
docker.io/rancher/local-path-provisioner:v0.0.24
docker.io/reactivetechio/kubegres:1.16
registry.k8s.io/ingress-nginx/controller:v1.11.1
registry.k8s.io/ingress-nginx/custom-error-pages:v1.0.1
registry.k8s.io/ingress-nginx/kube-webhook-certgen:v1.4.1
docker.io/library/busybox:latest
docker.io/library/postgres:14.12
docker.io/library/redis:6.2.14-bookworm
quay.io/prometheus-operator/prometheus-config-reloader:v0.75.2
docker.io/grafana/loki:2.9.3
docker.io/grafana/promtail:2.9.3
quay.io/kiwigrid/k8s-sidecar:1.27.4
docker.io/grafana/grafana:11.1.4
quay.io/prometheus-operator/prometheus-operator:v0.75.2
registry.k8s.io/kube-state-metrics/kube-state-metrics:v2.13.0
quay.io/prometheus/prometheus:v2.54.0
quay.io/prometheus/node-exporter:v1.8.2
registry.k8s.io/ingress-nginx/kube-webhook-certgen:v20221220-controller-v1.5.1-58-g787ea74b6
quay.io/prometheus/alertmanager:v0.27.0
